This file contains any messages produced by compilers while
running configure, to aid debugging if configure makes a mistake.

It was created by seq24 configure 0.9.3, which was
generated by GNU Autoconf 2.69.  Invocation command line was

  $ ./configure --no-create --no-recursion

## --------- ##
## Platform. ##
## --------- ##

hostname = t430
uname -m = x86_64
uname -r = 3.13.0-74-lowlatency
uname -s = Linux
uname -v = #118-Ubuntu SMP PREEMPT Thu Dec 17 23:46:00 UTC 2015

/usr/bin/uname -p = unknown
/bin/uname -X     = unknown

/bin/arch              = unknown
/usr/bin/arch -k       = unknown
/usr/convex/getsysinfo = unknown
/usr/bin/hostinfo      = unknown
/bin/machine           = unknown
/usr/bin/oslevel       = unknown
/bin/universe          = unknown

PATH: /usr/lib/x86_64-linux-gnu/qt4/bin
PATH: /usr/bin
PATH: /usr/local/sbin
PATH: /usr/local/bin
PATH: /usr/sbin
PATH: /usr/bin
PATH: /sbin
PATH: /bin
PATH: /usr/games
PATH: /usr/local/games


## ----------- ##
## Core tests. ##
## ----------- ##

configure:2228: checking for a BSD-compatible install
configure:2296: result: /usr/bin/install -c
configure:2307: checking whether build environment is sane
configure:2362: result: yes
configure:2513: checking for a thread-safe mkdir -p
configure:2552: result: /bin/mkdir -p
configure:2559: checking for gawk
configure:2575: found /usr/bin/gawk
configure:2586: result: gawk
configure:2597: checking whether make sets $(MAKE)
configure:2619: result: yes
configure:2648: checking whether make supports nested variables
configure:2665: result: yes
configure:2799: checking for gawk
configure:2826: result: gawk
configure:2885: checking for gcc
configure:2901: found /usr/bin/gcc
configure:2912: result: gcc
configure:3141: checking for C compiler version
configure:3150: gcc --version >&5
gcc (Ubuntu 4.8.4-2ubuntu1~14.04) 4.8.4
Copyright (C) 2013 Free Software Foundation, Inc.
This is free software; see the source for copying conditions.  There is NO
warranty; not even for MERCHANTABILITY or FITNESS FOR A PARTICULAR PURPOSE.

configure:3161: $? = 0
configure:3150: gcc -v >&5
Using built-in specs.
COLLECT_GCC=gcc
COLLECT_LTO_WRAPPER=/usr/lib/gcc/x86_64-linux-gnu/4.8/lto-wrapper
Target: x86_64-linux-gnu
Configured with: ../src/configure -v --with-pkgversion='Ubuntu 4.8.4-2ubuntu1~14.04' --with-bugurl=file:///usr/share/doc/gcc-4.8/README.Bugs --enable-languages=c,c++,java,go,d,fortran,objc,obj-c++ --prefix=/usr --program-suffix=-4.8 --enable-shared --enable-linker-build-id --libexecdir=/usr/lib --without-included-gettext --enable-threads=posix --with-gxx-include-dir=/usr/include/c++/4.8 --libdir=/usr/lib --enable-nls --with-sysroot=/ --enable-clocale=gnu --enable-libstdcxx-debug --enable-libstdcxx-time=yes --enable-gnu-unique-object --disable-libmudflap --enable-plugin --with-system-zlib --disable-browser-plugin --enable-java-awt=gtk --enable-gtk-cairo --with-java-home=/usr/lib/jvm/java-1.5.0-gcj-4.8-amd64/jre --enable-java-home --with-jvm-root-dir=/usr/lib/jvm/java-1.5.0-gcj-4.8-amd64 --with-jvm-jar-dir=/usr/lib/jvm-exports/java-1.5.0-gcj-4.8-amd64 --with-arch-directory=amd64 --with-ecj-jar=/usr/share/java/eclipse-ecj.jar --enable-objc-gc --enable-multiarch --disable-werror --with-arch-32=i686 --with-abi=m64 --with-multilib-list=m32,m64,mx32 --with-tune=generic --enable-checking=release --build=x86_64-linux-gnu --host=x86_64-linux-gnu --target=x86_64-linux-gnu
Thread model: posix
gcc version 4.8.4 (Ubuntu 4.8.4-2ubuntu1~14.04) 
configure:3161: $? = 0
configure:3150: gcc -V >&5
gcc: error: unrecognized command line option '-V'
gcc: fatal error: no input files
compilation terminated.
configure:3161: $? = 4
configure:3150: gcc -qversion >&5
gcc: error: unrecognized command line option '-qversion'
gcc: fatal error: no input files
compilation terminated.
configure:3161: $? = 4
configure:3181: checking whether the C compiler works
configure:3203: gcc    conftest.c  >&5
configure:3207: $? = 0
configure:3255: result: yes
configure:3258: checking for C compiler default output file name
configure:3260: result: a.out
configure:3266: checking for suffix of executables
configure:3273: gcc -o conftest    conftest.c  >&5
configure:3277: $? = 0
configure:3299: result: 
configure:3321: checking whether we are cross compiling
configure:3329: gcc -o conftest    conftest.c  >&5
configure:3333: $? = 0
configure:3340: ./conftest
configure:3344: $? = 0
configure:3359: result: no
configure:3364: checking for suffix of object files
configure:3386: gcc -c   conftest.c >&5
configure:3390: $? = 0
configure:3411: result: o
configure:3415: checking whether we are using the GNU C compiler
configure:3434: gcc -c   conftest.c >&5
configure:3434: $? = 0
configure:3443: result: yes
configure:3452: checking whether gcc accepts -g
configure:3472: gcc -c -g  conftest.c >&5
configure:3472: $? = 0
configure:3513: result: yes
configure:3530: checking for gcc option to accept ISO C89
configure:3593: gcc  -c -g -O2  conftest.c >&5
configure:3593: $? = 0
configure:3606: result: none needed
configure:3631: checking whether gcc understands -c and -o together
configure:3653: gcc -c conftest.c -o conftest2.o
configure:3656: $? = 0
configure:3653: gcc -c conftest.c -o conftest2.o
configure:3656: $? = 0
configure:3668: result: yes
configure:3696: checking for style of include used by make
configure:3724: result: GNU
configure:3750: checking dependency style of gcc
configure:3861: result: gcc3
configure:3934: checking for g++
configure:3950: found /usr/bin/g++
configure:3961: result: g++
configure:3988: checking for C++ compiler version
configure:3997: g++ --version >&5
g++ (Ubuntu 4.8.4-2ubuntu1~14.04) 4.8.4
Copyright (C) 2013 Free Software Foundation, Inc.
This is free software; see the source for copying conditions.  There is NO
warranty; not even for MERCHANTABILITY or FITNESS FOR A PARTICULAR PURPOSE.

configure:4008: $? = 0
configure:3997: g++ -v >&5
Using built-in specs.
COLLECT_GCC=g++
COLLECT_LTO_WRAPPER=/usr/lib/gcc/x86_64-linux-gnu/4.8/lto-wrapper
Target: x86_64-linux-gnu
Configured with: ../src/configure -v --with-pkgversion='Ubuntu 4.8.4-2ubuntu1~14.04' --with-bugurl=file:///usr/share/doc/gcc-4.8/README.Bugs --enable-languages=c,c++,java,go,d,fortran,objc,obj-c++ --prefix=/usr --program-suffix=-4.8 --enable-shared --enable-linker-build-id --libexecdir=/usr/lib --without-included-gettext --enable-threads=posix --with-gxx-include-dir=/usr/include/c++/4.8 --libdir=/usr/lib --enable-nls --with-sysroot=/ --enable-clocale=gnu --enable-libstdcxx-debug --enable-libstdcxx-time=yes --enable-gnu-unique-object --disable-libmudflap --enable-plugin --with-system-zlib --disable-browser-plugin --enable-java-awt=gtk --enable-gtk-cairo --with-java-home=/usr/lib/jvm/java-1.5.0-gcj-4.8-amd64/jre --enable-java-home --with-jvm-root-dir=/usr/lib/jvm/java-1.5.0-gcj-4.8-amd64 --with-jvm-jar-dir=/usr/lib/jvm-exports/java-1.5.0-gcj-4.8-amd64 --with-arch-directory=amd64 --with-ecj-jar=/usr/share/java/eclipse-ecj.jar --enable-objc-gc --enable-multiarch --disable-werror --with-arch-32=i686 --with-abi=m64 --with-multilib-list=m32,m64,mx32 --with-tune=generic --enable-checking=release --build=x86_64-linux-gnu --host=x86_64-linux-gnu --target=x86_64-linux-gnu
Thread model: posix
gcc version 4.8.4 (Ubuntu 4.8.4-2ubuntu1~14.04) 
configure:4008: $? = 0
configure:3997: g++ -V >&5
g++: error: unrecognized command line option '-V'
g++: fatal error: no input files
compilation terminated.
configure:4008: $? = 4
configure:3997: g++ -qversion >&5
g++: error: unrecognized command line option '-qversion'
g++: fatal error: no input files
compilation terminated.
configure:4008: $? = 4
configure:4012: checking whether we are using the GNU C++ compiler
configure:4031: g++ -c   conftest.cpp >&5
configure:4031: $? = 0
configure:4040: result: yes
configure:4049: checking whether g++ accepts -g
configure:4069: g++ -c -g  conftest.cpp >&5
configure:4069: $? = 0
configure:4110: result: yes
configure:4135: checking dependency style of g++
configure:4246: result: gcc3
configure:4262: checking whether ln -s works
configure:4266: result: yes
configure:4281: checking whether g++ supports C++11 features by default
configure:4575: g++ -c -g -O2  conftest.cpp >&5
conftest.cpp:23:2: error: #error "This is not a C++11 compiler"
 #error "This is not a C++11 compiler"
  ^
configure:4575: $? = 1
configure: failed program was:
| /* confdefs.h */
| #define PACKAGE_NAME "seq24"
| #define PACKAGE_TARNAME "seq24"
| #define PACKAGE_VERSION "0.9.3"
| #define PACKAGE_STRING "seq24 0.9.3"
| #define PACKAGE_BUGREPORT "seq24-devel@lists.sourceforge.net"
| #define PACKAGE_URL ""
| #define PACKAGE "seq24"
| #define VERSION "0.9.3"
| #define _GNU_SOURCE 1
| /* end confdefs.h.  */
| 
| 
| // If the compiler admits that it is not ready for C++11, why torture it?
| // Hopefully, this will speed up the test.
| 
| #ifndef __cplusplus
| 
| #error "This is not a C++ compiler"
| 
| #elif __cplusplus < 201103L
| 
| #error "This is not a C++11 compiler"
| 
| #else
| 
| namespace cxx11
| {
| 
|   namespace test_static_assert
|   {
| 
|     template <typename T>
|     struct check
|     {
|       static_assert(sizeof(int) <= sizeof(T), "not big enough");
|     };
| 
|   }
| 
|   namespace test_final_override
|   {
| 
|     struct Base
|     {
|       virtual void f() {}
|     };
| 
|     struct Derived : public Base
|     {
|       virtual void f() override {}
|     };
| 
|   }
| 
|   namespace test_double_right_angle_brackets
|   {
| 
|     template < typename T >
|     struct check {};
| 
|     typedef check<void> single_type;
|     typedef check<check<void>> double_type;
|     typedef check<check<check<void>>> triple_type;
|     typedef check<check<check<check<void>>>> quadruple_type;
| 
|   }
| 
|   namespace test_decltype
|   {
| 
|     int
|     f()
|     {
|       int a = 1;
|       decltype(a) b = 2;
|       return a + b;
|     }
| 
|   }
| 
|   namespace test_type_deduction
|   {
| 
|     template < typename T1, typename T2 >
|     struct is_same
|     {
|       static const bool value = false;
|     };
| 
|     template < typename T >
|     struct is_same<T, T>
|     {
|       static const bool value = true;
|     };
| 
|     template < typename T1, typename T2 >
|     auto
|     add(T1 a1, T2 a2) -> decltype(a1 + a2)
|     {
|       return a1 + a2;
|     }
| 
|     int
|     test(const int c, volatile int v)
|     {
|       static_assert(is_same<int, decltype(0)>::value == true, "");
|       static_assert(is_same<int, decltype(c)>::value == false, "");
|       static_assert(is_same<int, decltype(v)>::value == false, "");
|       auto ac = c;
|       auto av = v;
|       auto sumi = ac + av + 'x';
|       auto sumf = ac + av + 1.0;
|       static_assert(is_same<int, decltype(ac)>::value == true, "");
|       static_assert(is_same<int, decltype(av)>::value == true, "");
|       static_assert(is_same<int, decltype(sumi)>::value == true, "");
|       static_assert(is_same<int, decltype(sumf)>::value == false, "");
|       static_assert(is_same<int, decltype(add(c, v))>::value == true, "");
|       return (sumf > 0.0) ? sumi : add(c, v);
|     }
| 
|   }
| 
|   namespace test_noexcept
|   {
| 
|     int f() { return 0; }
|     int g() noexcept { return 0; }
| 
|     static_assert(noexcept(f()) == false, "");
|     static_assert(noexcept(g()) == true, "");
| 
|   }
| 
|   namespace test_constexpr
|   {
| 
|     template < typename CharT >
|     unsigned long constexpr
|     strlen_c_r(const CharT *const s, const unsigned long acc) noexcept
|     {
|       return *s ? strlen_c_r(s + 1, acc + 1) : acc;
|     }
| 
|     template < typename CharT >
|     unsigned long constexpr
|     strlen_c(const CharT *const s) noexcept
|     {
|       return strlen_c_r(s, 0UL);
|     }
| 
|     static_assert(strlen_c("") == 0UL, "");
|     static_assert(strlen_c("1") == 1UL, "");
|     static_assert(strlen_c("example") == 7UL, "");
|     static_assert(strlen_c("another\0example") == 7UL, "");
| 
|   }
| 
|   namespace test_rvalue_references
|   {
| 
|     template < int N >
|     struct answer
|     {
|       static constexpr int value = N;
|     };
| 
|     answer<1> f(int&)       { return answer<1>(); }
|     answer<2> f(const int&) { return answer<2>(); }
|     answer<3> f(int&&)      { return answer<3>(); }
| 
|     void
|     test()
|     {
|       int i = 0;
|       const int c = 0;
|       static_assert(decltype(f(i))::value == 1, "");
|       static_assert(decltype(f(c))::value == 2, "");
|       static_assert(decltype(f(0))::value == 3, "");
|     }
| 
|   }
| 
|   namespace test_uniform_initialization
|   {
| 
|     struct test
|     {
|       static const int zero {};
|       static const int one {1};
|     };
| 
|     static_assert(test::zero == 0, "");
|     static_assert(test::one == 1, "");
| 
|   }
| 
|   namespace test_lambdas
|   {
| 
|     void
|     test1()
|     {
|       auto lambda1 = [](){};
|       auto lambda2 = lambda1;
|       lambda1();
|       lambda2();
|     }
| 
|     int
|     test2()
|     {
|       auto a = [](int i, int j){ return i + j; }(1, 2);
|       auto b = []() -> int { return '0'; }();
|       auto c = [=](){ return a + b; }();
|       auto d = [&](){ return c; }();
|       auto e = [a, &b](int x) mutable {
|         const auto identity = [](int y){ return y; };
|         for (auto i = 0; i < a; ++i)
|           a += b--;
|         return x + identity(a + b);
|       }(0);
|       return a + b + c + d + e;
|     }
| 
|     int
|     test3()
|     {
|       const auto nullary = [](){ return 0; };
|       const auto unary = [](int x){ return x; };
|       using nullary_t = decltype(nullary);
|       using unary_t = decltype(unary);
|       const auto higher1st = [](nullary_t f){ return f(); };
|       const auto higher2nd = [unary](nullary_t f1){
|         return [unary, f1](unary_t f2){ return f2(unary(f1())); };
|       };
|       return higher1st(nullary) + higher2nd(nullary)(unary);
|     }
| 
|   }
| 
|   namespace test_variadic_templates
|   {
| 
|     template <int...>
|     struct sum;
| 
|     template <int N0, int... N1toN>
|     struct sum<N0, N1toN...>
|     {
|       static constexpr auto value = N0 + sum<N1toN...>::value;
|     };
| 
|     template <>
|     struct sum<>
|     {
|       static constexpr auto value = 0;
|     };
| 
|     static_assert(sum<>::value == 0, "");
|     static_assert(sum<1>::value == 1, "");
|     static_assert(sum<23>::value == 23, "");
|     static_assert(sum<1, 2>::value == 3, "");
|     static_assert(sum<5, 5, 11>::value == 21, "");
|     static_assert(sum<2, 3, 5, 7, 11, 13>::value == 41, "");
| 
|   }
| 
|   // http://stackoverflow.com/questions/13728184/template-aliases-and-sfinae
|   // Clang 3.1 fails with headers of libstd++ 4.8.3 when using std::function
|   // because of this.
|   namespace test_template_alias_sfinae
|   {
| 
|     struct foo {};
| 
|     template<typename T>
|     using member = typename T::member_type;
| 
|     template<typename T>
|     void func(...) {}
| 
|     template<typename T>
|     void func(member<T>*) {}
| 
|     void test();
| 
|     void test() { func<foo>(0); }
| 
|   }
| 
| }  // namespace cxx11
| 
| #endif  // __cplusplus >= 201103L
| 
| 
| 
configure:4582: result: no
configure:4593: checking whether g++ supports C++11 features with -std=c++11
configure:4889: g++ -c -g -O2 -std=c++11  conftest.cpp >&5
configure:4889: $? = 0
configure:4898: result: yes
configure:4934: checking if --as-needed works
configure:4966: gcc -o conftest -g -O2  -Wl,--as-needed conftest.c  >&5
configure:4966: $? = 0
configure:4976: result: yes
configure:4985: checking for main in -lrt
configure:5004: gcc -o conftest -g -O2   -Wl,--as-needed conftest.c -lrt   >&5
configure:5004: $? = 0
configure:5013: result: yes
configure:5027: checking for _init in -lgtkmm-2.4
configure:5052: gcc -o conftest -g -O2   -Wl,--as-needed conftest.c -lgtkmm-2.4  -lrt  >&5
configure:5052: $? = 0
configure:5061: result: yes
configure:5075: checking for main in -lsigc-2.0
configure:5094: gcc -o conftest -g -O2   -Wl,--as-needed conftest.c -lsigc-2.0  -lgtkmm-2.4 -lrt  >&5
configure:5094: $? = 0
configure:5103: result: yes
configure:5124: checking how to run the C preprocessor
configure:5155: gcc -E  conftest.c
configure:5155: $? = 0
configure:5169: gcc -E  conftest.c
conftest.c:15:28: fatal error: ac_nonexistent.h: No such file or directory
 #include <ac_nonexistent.h>
                            ^
compilation terminated.
configure:5169: $? = 1
configure: failed program was:
| /* confdefs.h */
| #define PACKAGE_NAME "seq24"
| #define PACKAGE_TARNAME "seq24"
| #define PACKAGE_VERSION "0.9.3"
| #define PACKAGE_STRING "seq24 0.9.3"
| #define PACKAGE_BUGREPORT "seq24-devel@lists.sourceforge.net"
| #define PACKAGE_URL ""
| #define PACKAGE "seq24"
| #define VERSION "0.9.3"
| #define _GNU_SOURCE 1
| #define HAVE_LIBRT 1
| #define HAVE_LIBGTKMM_2_4 1
| #define HAVE_LIBSIGC_2_0 1
| /* end confdefs.h.  */
| #include <ac_nonexistent.h>
configure:5194: result: gcc -E
configure:5214: gcc -E  conftest.c
configure:5214: $? = 0
configure:5228: gcc -E  conftest.c
conftest.c:15:28: fatal error: ac_nonexistent.h: No such file or directory
 #include <ac_nonexistent.h>
                            ^
compilation terminated.
configure:5228: $? = 1
configure: failed program was:
| /* confdefs.h */
| #define PACKAGE_NAME "seq24"
| #define PACKAGE_TARNAME "seq24"
| #define PACKAGE_VERSION "0.9.3"
| #define PACKAGE_STRING "seq24 0.9.3"
| #define PACKAGE_BUGREPORT "seq24-devel@lists.sourceforge.net"
| #define PACKAGE_URL ""
| #define PACKAGE "seq24"
| #define VERSION "0.9.3"
| #define _GNU_SOURCE 1
| #define HAVE_LIBRT 1
| #define HAVE_LIBGTKMM_2_4 1
| #define HAVE_LIBSIGC_2_0 1
| /* end confdefs.h.  */
| #include <ac_nonexistent.h>
configure:5257: checking for grep that handles long lines and -e
configure:5315: result: /bin/grep
configure:5320: checking for egrep
configure:5382: result: /bin/grep -E
configure:5387: checking for ANSI C header files
configure:5407: gcc -c -g -O2  conftest.c >&5
configure:5407: $? = 0
configure:5480: gcc -o conftest -g -O2   -Wl,--as-needed conftest.c -lsigc-2.0 -lgtkmm-2.4 -lrt  >&5
configure:5480: $? = 0
configure:5480: ./conftest
configure:5480: $? = 0
configure:5491: result: yes
configure:5504: checking for sys/types.h
configure:5504: gcc -c -g -O2  conftest.c >&5
configure:5504: $? = 0
configure:5504: result: yes
configure:5504: checking for sys/stat.h
configure:5504: gcc -c -g -O2  conftest.c >&5
configure:5504: $? = 0
configure:5504: result: yes
configure:5504: checking for stdlib.h
configure:5504: gcc -c -g -O2  conftest.c >&5
configure:5504: $? = 0
configure:5504: result: yes
configure:5504: checking for string.h
configure:5504: gcc -c -g -O2  conftest.c >&5
configure:5504: $? = 0
configure:5504: result: yes
configure:5504: checking for memory.h
configure:5504: gcc -c -g -O2  conftest.c >&5
configure:5504: $? = 0
configure:5504: result: yes
configure:5504: checking for strings.h
configure:5504: gcc -c -g -O2  conftest.c >&5
configure:5504: $? = 0
configure:5504: result: yes
configure:5504: checking for inttypes.h
configure:5504: gcc -c -g -O2  conftest.c >&5
configure:5504: $? = 0
configure:5504: result: yes
configure:5504: checking for stdint.h
configure:5504: gcc -c -g -O2  conftest.c >&5
configure:5504: $? = 0
configure:5504: result: yes
configure:5504: checking for unistd.h
configure:5504: gcc -c -g -O2  conftest.c >&5
configure:5504: $? = 0
configure:5504: result: yes
configure:5518: checking getopt.h usability
configure:5518: gcc -c -g -O2  conftest.c >&5
configure:5518: $? = 0
configure:5518: result: yes
configure:5518: checking getopt.h presence
configure:5518: gcc -E  conftest.c
configure:5518: $? = 0
configure:5518: result: yes
configure:5518: checking for getopt.h
configure:5518: result: yes
configure:5529: checking for an ANSI C-conforming const
configure:5595: gcc -c -g -O2  conftest.c >&5
configure:5595: $? = 0
configure:5602: result: yes
configure:5643: checking for ALSA CFLAGS
configure:5649: result: 
configure:5652: checking for ALSA LDFLAGS
configure:5661: result:  -lasound -lm -ldl -lpthread
configure:5666: checking for libasound headers version >= 0.9.0
configure:5728: gcc -c -g -O2  conftest.c >&5
configure:5728: $? = 0
configure:5729: result: found.
configure:5748: checking for snd_ctl_open in -lasound
configure:5773: gcc -o conftest -g -O2   -Wl,--as-needed conftest.c -lasound   -lasound -lm -ldl -lpthread -lsigc-2.0 -lgtkmm-2.4 -lrt  >&5
configure:5773: $? = 0
configure:5782: result: yes
configure:5872: checking for pkg-config
configure:5890: found /usr/bin/pkg-config
configure:5902: result: /usr/bin/pkg-config
configure:5927: checking pkg-config is at least version 0.9.0
configure:5930: result: yes
configure:5940: checking for GTKMM
configure:5947: $PKG_CONFIG --exists --print-errors "gtkmm-2.4 >= 2.4.0"
configure:5950: $? = 0
configure:5964: $PKG_CONFIG --exists --print-errors "gtkmm-2.4 >= 2.4.0"
configure:5967: $? = 0
configure:6025: result: yes
configure:6052: checking for JACK
configure:6059: $PKG_CONFIG --exists --print-errors "jack >= 0.90.0"
configure:6062: $? = 0
configure:6076: $PKG_CONFIG --exists --print-errors "jack >= 0.90.0"
configure:6079: $? = 0
configure:6117: result: yes
configure:6129: checking jack/session.h usability
configure:6129: gcc -c -g -O2  conftest.c >&5
configure:6129: $? = 0
configure:6129: result: yes
configure:6129: checking jack/session.h presence
configure:6129: gcc -E  conftest.c
configure:6129: $? = 0
configure:6129: result: yes
configure:6129: checking for jack/session.h
configure:6129: result: yes
configure:6165: checking for LASH
configure:6172: $PKG_CONFIG --exists --print-errors "lash-1.0 >= 0.5.0"
configure:6175: $? = 0
configure:6189: $PKG_CONFIG --exists --print-errors "lash-1.0 >= 0.5.0"
configure:6192: $? = 0
configure:6230: result: yes
configure:6361: checking that generated files are newer than configure
configure:6367: result: done
configure:6394: creating ./config.status

## ---------------- ##
## Cache variables. ##
## ---------------- ##

ac_cv_c_compiler_gnu=yes
ac_cv_c_const=yes
ac_cv_cxx_compiler_gnu=yes
ac_cv_env_CCC_set=
ac_cv_env_CCC_value=
ac_cv_env_CC_set=
ac_cv_env_CC_value=
ac_cv_env_CFLAGS_set=
ac_cv_env_CFLAGS_value=
ac_cv_env_CPPFLAGS_set=
ac_cv_env_CPPFLAGS_value=
ac_cv_env_CPP_set=
ac_cv_env_CPP_value=
ac_cv_env_CXXFLAGS_set=
ac_cv_env_CXXFLAGS_value=
ac_cv_env_CXX_set=
ac_cv_env_CXX_value=
ac_cv_env_GTKMM_CFLAGS_set=
ac_cv_env_GTKMM_CFLAGS_value=
ac_cv_env_GTKMM_LIBS_set=
ac_cv_env_GTKMM_LIBS_value=
ac_cv_env_JACK_CFLAGS_set=
ac_cv_env_JACK_CFLAGS_value=
ac_cv_env_JACK_LIBS_set=
ac_cv_env_JACK_LIBS_value=
ac_cv_env_LASH_CFLAGS_set=
ac_cv_env_LASH_CFLAGS_value=
ac_cv_env_LASH_LIBS_set=
ac_cv_env_LASH_LIBS_value=
ac_cv_env_LDFLAGS_set=
ac_cv_env_LDFLAGS_value=
ac_cv_env_LIBS_set=
ac_cv_env_LIBS_value=
ac_cv_env_PKG_CONFIG_LIBDIR_set=
ac_cv_env_PKG_CONFIG_LIBDIR_value=
ac_cv_env_PKG_CONFIG_PATH_set=
ac_cv_env_PKG_CONFIG_PATH_value=
ac_cv_env_PKG_CONFIG_set=
ac_cv_env_PKG_CONFIG_value=
ac_cv_env_build_alias_set=
ac_cv_env_build_alias_value=
ac_cv_env_host_alias_set=
ac_cv_env_host_alias_value=
ac_cv_env_target_alias_set=
ac_cv_env_target_alias_value=
ac_cv_header_getopt_h=yes
ac_cv_header_inttypes_h=yes
ac_cv_header_jack_session_h=yes
ac_cv_header_memory_h=yes
ac_cv_header_stdc=yes
ac_cv_header_stdint_h=yes
ac_cv_header_stdlib_h=yes
ac_cv_header_string_h=yes
ac_cv_header_strings_h=yes
ac_cv_header_sys_stat_h=yes
ac_cv_header_sys_types_h=yes
ac_cv_header_unistd_h=yes
ac_cv_lib_asound_snd_ctl_open=yes
ac_cv_lib_gtkmm_2_4__init=yes
ac_cv_lib_rt_main=yes
ac_cv_lib_sigc_2_0_main=yes
ac_cv_objext=o
ac_cv_path_EGREP='/bin/grep -E'
ac_cv_path_GREP=/bin/grep
ac_cv_path_ac_pt_PKG_CONFIG=/usr/bin/pkg-config
ac_cv_path_install='/usr/bin/install -c'
ac_cv_path_mkdir=/bin/mkdir
ac_cv_prog_AWK=gawk
ac_cv_prog_CPP='gcc -E'
ac_cv_prog_ac_ct_CC=gcc
ac_cv_prog_ac_ct_CXX=g++
ac_cv_prog_cc_c89=
ac_cv_prog_cc_g=yes
ac_cv_prog_cxx_g=yes
ac_cv_prog_make_make_set=yes
am_cv_CC_dependencies_compiler_type=gcc3
am_cv_CXX_dependencies_compiler_type=gcc3
am_cv_make_support_nested_variables=yes
am_cv_prog_cc_c_o=yes
ax_cv_cxx_compile_cxx11=no
ax_cv_cxx_compile_cxx11__std_cpp11=yes
pkg_cv_GTKMM_CFLAGS='-pthread -I/usr/include/gtkmm-2.4 -I/usr/lib/x86_64-linux-gnu/gtkmm-2.4/include -I/usr/include/atkmm-1.6 -I/usr/include/giomm-2.4 -I/usr/lib/x86_64-linux-gnu/giomm-2.4/include -I/usr/include/pangomm-1.4 -I/usr/lib/x86_64-linux-gnu/pangomm-1.4/include -I/usr/include/gtk-2.0 -I/usr/include/gtk-unix-print-2.0 -I/usr/include/gdkmm-2.4 -I/usr/lib/x86_64-linux-gnu/gdkmm-2.4/include -I/usr/include/atk-1.0 -I/usr/include/glibmm-2.4 -I/usr/lib/x86_64-linux-gnu/glibmm-2.4/include -I/usr/include/glib-2.0 -I/usr/lib/x86_64-linux-gnu/glib-2.0/include -I/usr/include/sigc++-2.0 -I/usr/lib/x86_64-linux-gnu/sigc++-2.0/include -I/usr/include/cairomm-1.0 -I/usr/lib/x86_64-linux-gnu/cairomm-1.0/include -I/usr/include/pango-1.0 -I/usr/include/cairo -I/usr/include/pixman-1 -I/usr/include/freetype2 -I/usr/include/libpng12 -I/usr/lib/x86_64-linux-gnu/gtk-2.0/include -I/usr/include/gdk-pixbuf-2.0 -I/usr/include/gio-unix-2.0/ -I/usr/include/harfbuzz  '
pkg_cv_GTKMM_LIBS='-lgtkmm-2.4 -latkmm-1.6 -lgdkmm-2.4 -lgiomm-2.4 -lpangomm-1.4 -lgtk-x11-2.0 -lglibmm-2.4 -lcairomm-1.0 -lsigc-2.0 -lgdk-x11-2.0 -latk-1.0 -lgio-2.0 -lpangoft2-1.0 -lpangocairo-1.0 -lgdk_pixbuf-2.0 -lcairo -lpango-1.0 -lfontconfig -lgobject-2.0 -lglib-2.0 -lfreetype  '
pkg_cv_JACK_CFLAGS=' '
pkg_cv_JACK_LIBS='-ljack  '
pkg_cv_LASH_CFLAGS='-I/usr/include/lash-1.0  '
pkg_cv_LASH_LIBS='-llash  '

## ----------------- ##
## Output variables. ##
## ----------------- ##

ACLOCAL='${SHELL} /home/oliver/Documents/uni/year4/computing-project/kepler34/missing aclocal-1.14'
ALSA_CFLAGS=''
ALSA_LIBS=' -lasound -lm -ldl -lpthread'
AMDEPBACKSLASH='\'
AMDEP_FALSE='#'
AMDEP_TRUE=''
AMTAR='$${TAR-tar}'
AM_BACKSLASH='\'
AM_DEFAULT_V='$(AM_DEFAULT_VERBOSITY)'
AM_DEFAULT_VERBOSITY='1'
AM_V='$(V)'
AUTOCONF='${SHELL} /home/oliver/Documents/uni/year4/computing-project/kepler34/missing autoconf'
AUTOHEADER='${SHELL} /home/oliver/Documents/uni/year4/computing-project/kepler34/missing autoheader'
AUTOMAKE='${SHELL} /home/oliver/Documents/uni/year4/computing-project/kepler34/missing automake-1.14'
AWK='gawk'
CC='gcc'
CCDEPMODE='depmode=gcc3'
CFLAGS='-g -O2'
CPP='gcc -E'
CPPFLAGS=''
CXX='g++'
CXXDEPMODE='depmode=gcc3'
CXXFLAGS='-g -O2 -std=c++11'
CYGPATH_W='echo'
DEFS='-DHAVE_CONFIG_H'
DEPDIR='.deps'
ECHO_C=''
ECHO_N='-n'
ECHO_T=''
EGREP='/bin/grep -E'
EXEEXT=''
GREP='/bin/grep'
GTKMM_CFLAGS='-pthread -I/usr/include/gtkmm-2.4 -I/usr/lib/x86_64-linux-gnu/gtkmm-2.4/include -I/usr/include/atkmm-1.6 -I/usr/include/giomm-2.4 -I/usr/lib/x86_64-linux-gnu/giomm-2.4/include -I/usr/include/pangomm-1.4 -I/usr/lib/x86_64-linux-gnu/pangomm-1.4/include -I/usr/include/gtk-2.0 -I/usr/include/gtk-unix-print-2.0 -I/usr/include/gdkmm-2.4 -I/usr/lib/x86_64-linux-gnu/gdkmm-2.4/include -I/usr/include/atk-1.0 -I/usr/include/glibmm-2.4 -I/usr/lib/x86_64-linux-gnu/glibmm-2.4/include -I/usr/include/glib-2.0 -I/usr/lib/x86_64-linux-gnu/glib-2.0/include -I/usr/include/sigc++-2.0 -I/usr/lib/x86_64-linux-gnu/sigc++-2.0/include -I/usr/include/cairomm-1.0 -I/usr/lib/x86_64-linux-gnu/cairomm-1.0/include -I/usr/include/pango-1.0 -I/usr/include/cairo -I/usr/include/pixman-1 -I/usr/include/freetype2 -I/usr/include/libpng12 -I/usr/lib/x86_64-linux-gnu/gtk-2.0/include -I/usr/include/gdk-pixbuf-2.0 -I/usr/include/gio-unix-2.0/ -I/usr/include/harfbuzz  '
GTKMM_LIBS='-lgtkmm-2.4 -latkmm-1.6 -lgdkmm-2.4 -lgiomm-2.4 -lpangomm-1.4 -lgtk-x11-2.0 -lglibmm-2.4 -lcairomm-1.0 -lsigc-2.0 -lgdk-x11-2.0 -latk-1.0 -lgio-2.0 -lpangoft2-1.0 -lpangocairo-1.0 -lgdk_pixbuf-2.0 -lcairo -lpango-1.0 -lfontconfig -lgobject-2.0 -lglib-2.0 -lfreetype  '
HAVE_CXX11=''
INSTALL_DATA='${INSTALL} -m 644'
INSTALL_PROGRAM='${INSTALL}'
INSTALL_SCRIPT='${INSTALL}'
INSTALL_STRIP_PROGRAM='$(install_sh) -c -s'
JACK_CFLAGS=' '
JACK_LIBS='-ljack  '
LASH_CFLAGS='-I/usr/include/lash-1.0  '
LASH_LIBS='-llash  '
LDFLAGS=' -Wl,--as-needed'
LIBOBJS=''
LIBS='-lasound -lm -ldl -lpthread -lsigc-2.0 -lgtkmm-2.4 -lrt'
LN_S='ln -s'
LTLIBOBJS=''
MAKEINFO='${SHELL} /home/oliver/Documents/uni/year4/computing-project/kepler34/missing makeinfo'
MKDIR_P='/bin/mkdir -p'
OBJEXT='o'
PACKAGE='seq24'
PACKAGE_BUGREPORT='seq24-devel@lists.sourceforge.net'
PACKAGE_NAME='seq24'
PACKAGE_STRING='seq24 0.9.3'
PACKAGE_TARNAME='seq24'
PACKAGE_URL=''
PACKAGE_VERSION='0.9.3'
PATH_SEPARATOR=':'
PKG_CONFIG='/usr/bin/pkg-config'
PKG_CONFIG_LIBDIR=''
PKG_CONFIG_PATH=''
SET_MAKE=''
SHELL='/bin/bash'
STRIP=''
VERSION='0.9.3'
ac_ct_CC='gcc'
ac_ct_CXX='g++'
am__EXEEXT_FALSE=''
am__EXEEXT_TRUE='#'
am__fastdepCC_FALSE='#'
am__fastdepCC_TRUE=''
am__fastdepCXX_FALSE='#'
am__fastdepCXX_TRUE=''
am__include='include'
am__isrc=''
am__leading_dot='.'
am__nodep='_no'
am__quote=''
am__tar='$${TAR-tar} chof - "$$tardir"'
am__untar='$${TAR-tar} xf -'
bindir='${exec_prefix}/bin'
build_alias=''
datadir='${datarootdir}'
datarootdir='${prefix}/share'
docdir='${datarootdir}/doc/${PACKAGE_TARNAME}'
dvidir='${docdir}'
exec_prefix='${prefix}'
host_alias=''
htmldir='${docdir}'
includedir='${prefix}/include'
infodir='${datarootdir}/info'
install_sh='${SHELL} /home/oliver/Documents/uni/year4/computing-project/kepler34/install-sh'
libdir='${exec_prefix}/lib'
libexecdir='${exec_prefix}/libexec'
localedir='${datarootdir}/locale'
localstatedir='${prefix}/var'
mandir='${datarootdir}/man'
mkdir_p='$(MKDIR_P)'
oldincludedir='/usr/include'
pdfdir='${docdir}'
prefix='/usr/local'
program_transform_name='s,x,x,'
psdir='${docdir}'
sbindir='${exec_prefix}/sbin'
sharedstatedir='${prefix}/com'
sysconfdir='${prefix}/etc'
target_alias=''

## ----------- ##
## confdefs.h. ##
## ----------- ##

/* confdefs.h */
#define PACKAGE_NAME "seq24"
#define PACKAGE_TARNAME "seq24"
#define PACKAGE_VERSION "0.9.3"
#define PACKAGE_STRING "seq24 0.9.3"
#define PACKAGE_BUGREPORT "seq24-devel@lists.sourceforge.net"
#define PACKAGE_URL ""
#define PACKAGE "seq24"
#define VERSION "0.9.3"
#define _GNU_SOURCE 1
#define HAVE_LIBRT 1
#define HAVE_LIBGTKMM_2_4 1
#define HAVE_LIBSIGC_2_0 1
#define STDC_HEADERS 1
#define HAVE_SYS_TYPES_H 1
#define HAVE_SYS_STAT_H 1
#define HAVE_STDLIB_H 1
#define HAVE_STRING_H 1
#define HAVE_MEMORY_H 1
#define HAVE_STRINGS_H 1
#define HAVE_INTTYPES_H 1
#define HAVE_STDINT_H 1
#define HAVE_UNISTD_H 1
#define HAVE_GETOPT_H 1
#define HAVE_LIBASOUND 1
#define JACK_SUPPORT 1
#define JACK_SESSION 1
#define LASH_SUPPORT 1

configure: exit 0

## ---------------------- ##
## Running config.status. ##
## ---------------------- ##

This file was extended by seq24 config.status 0.9.3, which was
generated by GNU Autoconf 2.69.  Invocation command line was

  CONFIG_FILES    = 
  CONFIG_HEADERS  = 
  CONFIG_LINKS    = 
  CONFIG_COMMANDS = 
  $ ./config.status 

on t430

config.status:887: creating Makefile
config.status:887: creating src/config.h
config.status:1116: executing depfiles commands
